<?xml version="1.0" encoding="UTF-8"?>
<!-- Generated by org.testng.reporters.JUnitReportReporter -->
<testsuite skipped="0" hostname="DESKTOP-SE5JK6N" name="test.TestPage" tests="3" failures="0" timestamp="2022-01-29T16:45:27 CST" time="15.103" errors="0">
  <testcase name="userShouldBeAbleToAddCategory" time="6.168" classname="test.TestPage"/>
  <system-out/>
  <testcase name="userShouldNotBeAbleToAddDuplicateCategory" time="6.018" classname="test.TestPage"/>
  <system-out/>
  <testcase name="validdropdownMonthcategory" time="2.917" classname="test.TestPage"/>
  <system-out/>
</testsuite> <!-- test.TestPage -->
